/usr/lib/ruby/gems/1.8/gems/activesupport-2.2.2/lib/active_support/dependencies.rb:102:in `const_missing': uninitialized constant RefreshStocksTask::Chronic (NameError)
	from /var/www/cs461/lib/rooster/tasks/refresh_stocks_task.rb:6
	from /var/www/cs461/vendor/plugins/rooster/lib/rooster/task.rb:63:in `schedule'
	from /var/www/cs461/vendor/plugins/rooster/lib/rooster/runner.rb:24:in `schedule_each'
	from /var/www/cs461/vendor/plugins/rooster/lib/rooster/runner.rb:23:in `each'
	from /var/www/cs461/vendor/plugins/rooster/lib/rooster/runner.rb:23:in `schedule_each'
	from /var/www/cs461/vendor/plugins/rooster/lib/rooster/runner.rb:18:in `schedule_all_tasks'
	from /var/www/cs461/vendor/plugins/rooster/lib/rooster/runner.rb:148:in `auto_schedule_tasks'
	from /var/www/cs461/vendor/plugins/rooster/lib/rooster/runner.rb:74:in `run'
	from /usr/lib/ruby/gems/1.8/gems/eventmachine-0.12.10/lib/eventmachine.rb:256:in `call'
	from /usr/lib/ruby/gems/1.8/gems/eventmachine-0.12.10/lib/eventmachine.rb:256:in `run_machine'
	from /usr/lib/ruby/gems/1.8/gems/eventmachine-0.12.10/lib/eventmachine.rb:256:in `run'
	from /var/www/cs461/vendor/plugins/rooster/lib/rooster/runner.rb:70:in `run'
	from ./lib/rooster/rooster_daemon.rb:29
	from /usr/lib/ruby/gems/1.8/gems/daemons-1.0.10/lib/daemons/application.rb:215:in `call'
	from /usr/lib/ruby/gems/1.8/gems/daemons-1.0.10/lib/daemons/application.rb:215:in `start_proc'
	from /usr/lib/ruby/gems/1.8/gems/daemons-1.0.10/lib/daemons/daemonize.rb:192:in `call'
	from /usr/lib/ruby/gems/1.8/gems/daemons-1.0.10/lib/daemons/daemonize.rb:192:in `call_as_daemon'
	from /usr/lib/ruby/gems/1.8/gems/daemons-1.0.10/lib/daemons/application.rb:219:in `start_proc'
	from /usr/lib/ruby/gems/1.8/gems/daemons-1.0.10/lib/daemons/application.rb:255:in `start'
	from /usr/lib/ruby/gems/1.8/gems/daemons-1.0.10/lib/daemons/controller.rb:69:in `run'
	from /usr/lib/ruby/gems/1.8/gems/daemons-1.0.10/lib/daemons.rb:188:in `run_proc'
	from /usr/lib/ruby/gems/1.8/gems/daemons-1.0.10/lib/daemons/cmdline.rb:105:in `call'
	from /usr/lib/ruby/gems/1.8/gems/daemons-1.0.10/lib/daemons/cmdline.rb:105:in `catch_exceptions'
	from /usr/lib/ruby/gems/1.8/gems/daemons-1.0.10/lib/daemons.rb:187:in `run_proc'
	from ./lib/rooster/rooster_daemon.rb:25
/usr/lib/ruby/gems/1.8/gems/activesupport-2.2.2/lib/active_support/dependencies.rb:102:in `const_missing': uninitialized constant RefreshStocksTask::Chronic (NameError)
	from /var/www/cs461/lib/rooster/tasks/refresh_stocks_task.rb:6
	from /var/www/cs461/vendor/plugins/rooster/lib/rooster/task.rb:63:in `schedule'
	from /var/www/cs461/vendor/plugins/rooster/lib/rooster/runner.rb:24:in `schedule_each'
	from /var/www/cs461/vendor/plugins/rooster/lib/rooster/runner.rb:23:in `each'
	from /var/www/cs461/vendor/plugins/rooster/lib/rooster/runner.rb:23:in `schedule_each'
	from /var/www/cs461/vendor/plugins/rooster/lib/rooster/runner.rb:18:in `schedule_all_tasks'
	from /var/www/cs461/vendor/plugins/rooster/lib/rooster/runner.rb:148:in `auto_schedule_tasks'
	from /var/www/cs461/vendor/plugins/rooster/lib/rooster/runner.rb:74:in `run'
	from /usr/lib/ruby/gems/1.8/gems/eventmachine-0.12.10/lib/eventmachine.rb:256:in `call'
	from /usr/lib/ruby/gems/1.8/gems/eventmachine-0.12.10/lib/eventmachine.rb:256:in `run_machine'
	from /usr/lib/ruby/gems/1.8/gems/eventmachine-0.12.10/lib/eventmachine.rb:256:in `run'
	from /var/www/cs461/vendor/plugins/rooster/lib/rooster/runner.rb:70:in `run'
	from ./lib/rooster/rooster_daemon.rb:29
	from /usr/lib/ruby/gems/1.8/gems/daemons-1.0.10/lib/daemons/application.rb:215:in `call'
	from /usr/lib/ruby/gems/1.8/gems/daemons-1.0.10/lib/daemons/application.rb:215:in `start_proc'
	from /usr/lib/ruby/gems/1.8/gems/daemons-1.0.10/lib/daemons/daemonize.rb:192:in `call'
	from /usr/lib/ruby/gems/1.8/gems/daemons-1.0.10/lib/daemons/daemonize.rb:192:in `call_as_daemon'
	from /usr/lib/ruby/gems/1.8/gems/daemons-1.0.10/lib/daemons/application.rb:219:in `start_proc'
	from /usr/lib/ruby/gems/1.8/gems/daemons-1.0.10/lib/daemons/application.rb:255:in `start'
	from /usr/lib/ruby/gems/1.8/gems/daemons-1.0.10/lib/daemons/controller.rb:69:in `run'
	from /usr/lib/ruby/gems/1.8/gems/daemons-1.0.10/lib/daemons.rb:188:in `run_proc'
	from /usr/lib/ruby/gems/1.8/gems/daemons-1.0.10/lib/daemons/cmdline.rb:105:in `call'
	from /usr/lib/ruby/gems/1.8/gems/daemons-1.0.10/lib/daemons/cmdline.rb:105:in `catch_exceptions'
	from /usr/lib/ruby/gems/1.8/gems/daemons-1.0.10/lib/daemons.rb:187:in `run_proc'
	from ./lib/rooster/rooster_daemon.rb:25
